<?xml version="1.0" encoding="UTF-8"?>
<!-- Generated by org.testng.reporters.JUnitXMLReporter -->
<testsuite hostname="SAJIDs-MBP.fios-router.home" ignored="2" tests="0" failures="0" timestamp="2021-06-24T06:54:29 EDT" time="8.047" errors="0">
  <testcase name="@BeforeTest initialization" time="0.0" classname="screenshot.Base">
    <ignored/>
  </testcase> <!-- @BeforeTest initialization -->
  <testcase name="@AfterTest tearDown" time="0.0" classname="screenshot.Base">
    <ignored/>
  </testcase> <!-- @AfterTest tearDown -->
</testsuite>
